# JRE version: Java(TM) SE Runtime Environment (8.0_161-b12) (build 1.8.0_161-b12)
# Java VM: Java HotSpot(TM) 64-Bit Server VM (25.161-b12 mixed mode bsd-amd64 compressed oops)
Heap:
 PSYoungGen      total 111104K, used 67967K [0x000000076ab00000, 0x0000000777200000, 0x00000007c0000000)
  eden space 100352K, 67% used [0x000000076ab00000,0x000000076ed5fee8,0x0000000770d00000)
  from space 10752K, 0% used [0x0000000770d00000,0x0000000770d00000,0x0000000771780000)
  to   space 19968K, 0% used [0x0000000775e80000,0x0000000775e80000,0x0000000777200000)
 ParOldGen       total 141824K, used 21537K [0x00000006c0000000, 0x00000006c8a80000, 0x000000076ab00000)
  object space 141824K, 15% used [0x00000006c0000000,0x00000006c1508670,0x00000006c8a80000)
 Metaspace       used 47696K, capacity 49488K, committed 49576K, reserved 1091584K
  class space    used 6224K, capacity 6561K, committed 6568K, reserved 1048576K
GC Heap History (10 events):
Event: 2.103 GC heap before
{Heap before GC invocations=3 (full 1):
 PSYoungGen      total 76288K, used 7962K [0x000000076ab00000, 0x0000000774000000, 0x00000007c0000000)
  eden space 65536K, 0% used [0x000000076ab00000,0x000000076ab00000,0x000000076eb00000)
  from space 10752K, 74% used [0x000000076f580000,0x000000076fd46940,0x0000000770000000)
  to   space 10752K, 0% used [0x000000076eb00000,0x000000076eb00000,0x000000076f580000)
 ParOldGen       total 175104K, used 96K [0x00000006c0000000, 0x00000006cab00000, 0x000000076ab00000)
  object space 175104K, 0% used [0x00000006c0000000,0x00000006c0018010,0x00000006cab00000)
 Metaspace       used 20141K, capacity 21214K, committed 21296K, reserved 1067008K
  class space    used 2900K, capacity 3141K, committed 3200K, reserved 1048576K
Event: 2.132 GC heap after
Heap after GC invocations=3 (full 1):
 PSYoungGen      total 76288K, used 0K [0x000000076ab00000, 0x0000000774000000, 0x00000007c0000000)
  eden space 65536K, 0% used [0x000000076ab00000,0x000000076ab00000,0x000000076eb00000)
  from space 10752K, 0% used [0x000000076f580000,0x000000076f580000,0x0000000770000000)
  to   space 10752K, 0% used [0x000000076eb00000,0x000000076eb00000,0x000000076f580000)
 ParOldGen       total 98816K, used 7763K [0x00000006c0000000, 0x00000006c6080000, 0x000000076ab00000)
  object space 98816K, 7% used [0x00000006c0000000,0x00000006c0794e40,0x00000006c6080000)
 Metaspace       used 20141K, capacity 21214K, committed 21296K, reserved 1067008K
  class space    used 2900K, capacity 3141K, committed 3200K, reserved 1048576K
}
Event: 41.297 GC heap before
{Heap before GC invocations=4 (full 1):
 PSYoungGen      total 76288K, used 65536K [0x000000076ab00000, 0x0000000774000000, 0x00000007c0000000)
  eden space 65536K, 100% used [0x000000076ab00000,0x000000076eb00000,0x000000076eb00000)
  from space 10752K, 0% used [0x000000076f580000,0x000000076f580000,0x0000000770000000)
  to   space 10752K, 0% used [0x000000076eb00000,0x000000076eb00000,0x000000076f580000)
 ParOldGen       total 98816K, used 7763K [0x00000006c0000000, 0x00000006c6080000, 0x000000076ab00000)
  object space 98816K, 7% used [0x00000006c0000000,0x00000006c0794e40,0x00000006c6080000)
 Metaspace       used 26275K, capacity 27624K, committed 27776K, reserved 1073152K
  class space    used 3669K, capacity 3946K, committed 3968K, reserved 1048576K
Event: 41.307 GC heap after
Heap after GC invocations=4 (full 1):
 PSYoungGen      total 76288K, used 10720K [0x000000076ab00000, 0x0000000772200000, 0x00000007c0000000)
  eden space 65536K, 0% used [0x000000076ab00000,0x000000076ab00000,0x000000076eb00000)
  from space 10752K, 99% used [0x000000076eb00000,0x000000076f578218,0x000000076f580000)
  to   space 10752K, 0% used [0x0000000771780000,0x0000000771780000,0x0000000772200000)
 ParOldGen       total 98816K, used 9542K [0x00000006c0000000, 0x00000006c6080000, 0x000000076ab00000)
  object space 98816K, 9% used [0x00000006c0000000,0x00000006c0951848,0x00000006c6080000)
 Metaspace       used 26275K, capacity 27624K, committed 27776K, reserved 1073152K
  class space    used 3669K, capacity 3946K, committed 3968K, reserved 1048576K
}
Event: 41.925 GC heap before
{Heap before GC invocations=5 (full 1):
 PSYoungGen      total 76288K, used 76256K [0x000000076ab00000, 0x0000000772200000, 0x00000007c0000000)
  eden space 65536K, 100% used [0x000000076ab00000,0x000000076eb00000,0x000000076eb00000)
  from space 10752K, 99% used [0x000000076eb00000,0x000000076f578218,0x000000076f580000)
  to   space 10752K, 0% used [0x0000000771780000,0x0000000771780000,0x0000000772200000)
 ParOldGen       total 98816K, used 9542K [0x00000006c0000000, 0x00000006c6080000, 0x000000076ab00000)
  object space 98816K, 9% used [0x00000006c0000000,0x00000006c0951848,0x00000006c6080000)
 Metaspace       used 32358K, capacity 33718K, committed 34048K, reserved 1079296K
  class space    used 4312K, capacity 4589K, committed 4608K, reserved 1048576K
Event: 41.937 GC heap after
Heap after GC invocations=5 (full 1):
 PSYoungGen      total 111104K, used 10745K [0x000000076ab00000, 0x0000000772280000, 0x00000007c0000000)
  eden space 100352K, 0% used [0x000000076ab00000,0x000000076ab00000,0x0000000770d00000)
  from space 10752K, 99% used [0x0000000771780000,0x00000007721fe478,0x0000000772200000)
  to   space 10752K, 0% used [0x0000000770d00000,0x0000000770d00000,0x0000000771780000)
 ParOldGen       total 98816K, used 15071K [0x00000006c0000000, 0x00000006c6080000, 0x000000076ab00000)
  object space 98816K, 15% used [0x00000006c0000000,0x00000006c0eb7d40,0x00000006c6080000)
 Metaspace       used 32358K, capacity 33718K, committed 34048K, reserved 1079296K
  class space    used 4312K, capacity 4589K, committed 4608K, reserved 1048576K
}
Event: 42.123 GC heap before
{Heap before GC invocations=6 (full 1):
 PSYoungGen      total 111104K, used 34365K [0x000000076ab00000, 0x0000000772280000, 0x00000007c0000000)
  eden space 100352K, 23% used [0x000000076ab00000,0x000000076c211368,0x0000000770d00000)
  from space 10752K, 99% used [0x0000000771780000,0x00000007721fe478,0x0000000772200000)
  to   space 10752K, 0% used [0x0000000770d00000,0x0000000770d00000,0x0000000771780000)
 ParOldGen       total 98816K, used 15071K [0x00000006c0000000, 0x00000006c6080000, 0x000000076ab00000)
  object space 98816K, 15% used [0x00000006c0000000,0x00000006c0eb7d40,0x00000006c6080000)
 Metaspace       used 34038K, capacity 35350K, committed 35496K, reserved 1079296K
  class space    used 4474K, capacity 4749K, committed 4776K, reserved 1048576K
Event: 42.132 GC heap after
Heap after GC invocations=6 (full 1):
 PSYoungGen      total 111104K, used 10732K [0x000000076ab00000, 0x0000000777200000, 0x00000007c0000000)
  eden space 100352K, 0% used [0x000000076ab00000,0x000000076ab00000,0x0000000770d00000)
  from space 10752K, 99% used [0x0000000770d00000,0x000000077177b258,0x0000000771780000)
  to   space 19968K, 0% used [0x0000000775e80000,0x0000000775e80000,0x0000000777200000)
 ParOldGen       total 98816K, used 20928K [0x00000006c0000000, 0x00000006c6080000, 0x000000076ab00000)
  object space 98816K, 21% used [0x00000006c0000000,0x00000006c1470210,0x00000006c6080000)
 Metaspace       used 34038K, capacity 35350K, committed 35496K, reserved 1079296K
  class space    used 4474K, capacity 4749K, committed 4776K, reserved 1048576K
}
Event: 42.132 GC heap before
{Heap before GC invocations=7 (full 2):
 PSYoungGen      total 111104K, used 10732K [0x000000076ab00000, 0x0000000777200000, 0x00000007c0000000)
  eden space 100352K, 0% used [0x000000076ab00000,0x000000076ab00000,0x0000000770d00000)
  from space 10752K, 99% used [0x0000000770d00000,0x000000077177b258,0x0000000771780000)
  to   space 19968K, 0% used [0x0000000775e80000,0x0000000775e80000,0x0000000777200000)
 ParOldGen       total 98816K, used 20928K [0x00000006c0000000, 0x00000006c6080000, 0x000000076ab00000)
  object space 98816K, 21% used [0x00000006c0000000,0x00000006c1470210,0x00000006c6080000)
 Metaspace       used 34038K, capacity 35350K, committed 35496K, reserved 1079296K
  class space    used 4474K, capacity 4749K, committed 4776K, reserved 1048576K
Event: 42.173 GC heap after
Heap after GC invocations=7 (full 2):
 PSYoungGen      total 111104K, used 0K [0x000000076ab00000, 0x0000000777200000, 0x00000007c0000000)
  eden space 100352K, 0% used [0x000000076ab00000,0x000000076ab00000,0x0000000770d00000)
  from space 10752K, 0% used [0x0000000770d00000,0x0000000770d00000,0x0000000771780000)
  to   space 19968K, 0% used [0x0000000775e80000,0x0000000775e80000,0x0000000777200000)
 ParOldGen       total 141824K, used 21537K [0x00000006c0000000, 0x00000006c8a80000, 0x000000076ab00000)
  object space 141824K, 15% used [0x00000006c0000000,0x00000006c1508670,0x00000006c8a80000)
 Metaspace       used 34038K, capacity 35350K, committed 35496K, reserved 1079296K
  class space    used 4474K, capacity 4749K, committed 4776K, reserved 1048576K
}

