# JRE version: Java(TM) SE Runtime Environment (8.0_161-b12) (build 1.8.0_161-b12)
# Java VM: Java HotSpot(TM) 64-Bit Server VM (25.161-b12 mixed mode bsd-amd64 compressed oops)
Heap:
 PSYoungGen      total 115712K, used 25457K [0x000000076ab00000, 0x0000000772a00000, 0x00000007c0000000)
  eden space 107008K, 23% used [0x000000076ab00000,0x000000076c3dc730,0x0000000771380000)
  from space 8704K, 0% used [0x0000000772180000,0x0000000772180000,0x0000000772a00000)
  to   space 10752K, 0% used [0x0000000771500000,0x0000000771500000,0x0000000771f80000)
 ParOldGen       total 144384K, used 18744K [0x00000006c0000000, 0x00000006c8d00000, 0x000000076ab00000)
  object space 144384K, 12% used [0x00000006c0000000,0x00000006c124e1f8,0x00000006c8d00000)
 Metaspace       used 40659K, capacity 41554K, committed 41856K, reserved 1085440K
  class space    used 5155K, capacity 5385K, committed 5504K, reserved 1048576K
GC Heap History (10 events):
Event: 2.849 GC heap before
{Heap before GC invocations=2 (full 0):
 PSYoungGen      total 76288K, used 35778K [0x000000076ab00000, 0x0000000770000000, 0x00000007c0000000)
  eden space 65536K, 38% used [0x000000076ab00000,0x000000076c3745c8,0x000000076eb00000)
  from space 10752K, 99% used [0x000000076eb00000,0x000000076f57c518,0x000000076f580000)
  to   space 10752K, 0% used [0x000000076f580000,0x000000076f580000,0x0000000770000000)
 ParOldGen       total 175104K, used 1994K [0x00000006c0000000, 0x00000006cab00000, 0x000000076ab00000)
  object space 175104K, 1% used [0x00000006c0000000,0x00000006c01f2870,0x00000006cab00000)
 Metaspace       used 20724K, capacity 21242K, committed 21296K, reserved 1067008K
  class space    used 2761K, capacity 2938K, committed 2944K, reserved 1048576K
Event: 2.856 GC heap after
Heap after GC invocations=2 (full 0):
 PSYoungGen      total 76288K, used 10725K [0x000000076ab00000, 0x0000000774000000, 0x00000007c0000000)
  eden space 65536K, 0% used [0x000000076ab00000,0x000000076ab00000,0x000000076eb00000)
  from space 10752K, 99% used [0x000000076f580000,0x000000076fff97a0,0x0000000770000000)
  to   space 10752K, 0% used [0x000000076eb00000,0x000000076eb00000,0x000000076f580000)
 ParOldGen       total 175104K, used 4152K [0x00000006c0000000, 0x00000006cab00000, 0x000000076ab00000)
  object space 175104K, 2% used [0x00000006c0000000,0x00000006c040e070,0x00000006cab00000)
 Metaspace       used 20724K, capacity 21242K, committed 21296K, reserved 1067008K
  class space    used 2761K, capacity 2938K, committed 2944K, reserved 1048576K
}
Event: 2.856 GC heap before
{Heap before GC invocations=3 (full 1):
 PSYoungGen      total 76288K, used 10725K [0x000000076ab00000, 0x0000000774000000, 0x00000007c0000000)
  eden space 65536K, 0% used [0x000000076ab00000,0x000000076ab00000,0x000000076eb00000)
  from space 10752K, 99% used [0x000000076f580000,0x000000076fff97a0,0x0000000770000000)
  to   space 10752K, 0% used [0x000000076eb00000,0x000000076eb00000,0x000000076f580000)
 ParOldGen       total 175104K, used 4152K [0x00000006c0000000, 0x00000006cab00000, 0x000000076ab00000)
  object space 175104K, 2% used [0x00000006c0000000,0x00000006c040e070,0x00000006cab00000)
 Metaspace       used 20724K, capacity 21242K, committed 21296K, reserved 1067008K
  class space    used 2761K, capacity 2938K, committed 2944K, reserved 1048576K
Event: 2.883 GC heap after
Heap after GC invocations=3 (full 1):
 PSYoungGen      total 76288K, used 0K [0x000000076ab00000, 0x0000000774000000, 0x00000007c0000000)
  eden space 65536K, 0% used [0x000000076ab00000,0x000000076ab00000,0x000000076eb00000)
  from space 10752K, 0% used [0x000000076f580000,0x000000076f580000,0x0000000770000000)
  to   space 10752K, 0% used [0x000000076eb00000,0x000000076eb00000,0x000000076f580000)
 ParOldGen       total 97792K, used 12802K [0x00000006c0000000, 0x00000006c5f80000, 0x000000076ab00000)
  object space 97792K, 13% used [0x00000006c0000000,0x00000006c0c80a40,0x00000006c5f80000)
 Metaspace       used 20724K, capacity 21242K, committed 21296K, reserved 1067008K
  class space    used 2761K, capacity 2938K, committed 2944K, reserved 1048576K
}
Event: 3.485 GC heap before
{Heap before GC invocations=4 (full 1):
 PSYoungGen      total 76288K, used 65536K [0x000000076ab00000, 0x0000000774000000, 0x00000007c0000000)
  eden space 65536K, 100% used [0x000000076ab00000,0x000000076eb00000,0x000000076eb00000)
  from space 10752K, 0% used [0x000000076f580000,0x000000076f580000,0x0000000770000000)
  to   space 10752K, 0% used [0x000000076eb00000,0x000000076eb00000,0x000000076f580000)
 ParOldGen       total 97792K, used 12802K [0x00000006c0000000, 0x00000006c5f80000, 0x000000076ab00000)
  object space 97792K, 13% used [0x00000006c0000000,0x00000006c0c80a40,0x00000006c5f80000)
 Metaspace       used 26988K, capacity 27520K, committed 27648K, reserved 1073152K
  class space    used 3400K, capacity 3579K, committed 3584K, reserved 1048576K
Event: 3.489 GC heap after
Heap after GC invocations=4 (full 1):
 PSYoungGen      total 76288K, used 7030K [0x000000076ab00000, 0x0000000772c00000, 0x00000007c0000000)
  eden space 65536K, 0% used [0x000000076ab00000,0x000000076ab00000,0x000000076eb00000)
  from space 10752K, 65% used [0x000000076eb00000,0x000000076f1ddb00,0x000000076f580000)
  to   space 10752K, 0% used [0x0000000772180000,0x0000000772180000,0x0000000772c00000)
 ParOldGen       total 97792K, used 12818K [0x00000006c0000000, 0x00000006c5f80000, 0x000000076ab00000)
  object space 97792K, 13% used [0x00000006c0000000,0x00000006c0c84a40,0x00000006c5f80000)
 Metaspace       used 26988K, capacity 27520K, committed 27648K, reserved 1073152K
  class space    used 3400K, capacity 3579K, committed 3584K, reserved 1048576K
}
Event: 5.243 GC heap before
{Heap before GC invocations=5 (full 1):
 PSYoungGen      total 76288K, used 39019K [0x000000076ab00000, 0x0000000772c00000, 0x00000007c0000000)
  eden space 65536K, 48% used [0x000000076ab00000,0x000000076ca3d4e8,0x000000076eb00000)
  from space 10752K, 65% used [0x000000076eb00000,0x000000076f1ddb00,0x000000076f580000)
  to   space 10752K, 0% used [0x0000000772180000,0x0000000772180000,0x0000000772c00000)
 ParOldGen       total 97792K, used 12818K [0x00000006c0000000, 0x00000006c5f80000, 0x000000076ab00000)
  object space 97792K, 13% used [0x00000006c0000000,0x00000006c0c84a40,0x00000006c5f80000)
 Metaspace       used 34710K, capacity 35348K, committed 35456K, reserved 1081344K
  class space    used 4250K, capacity 4436K, committed 4480K, reserved 1048576K
Event: 5.249 GC heap after
Heap after GC invocations=5 (full 1):
 PSYoungGen      total 115712K, used 8208K [0x000000076ab00000, 0x0000000772a00000, 0x00000007c0000000)
  eden space 107008K, 0% used [0x000000076ab00000,0x000000076ab00000,0x0000000771380000)
  from space 8704K, 94% used [0x0000000772180000,0x0000000772984348,0x0000000772a00000)
  to   space 10752K, 0% used [0x0000000771500000,0x0000000771500000,0x0000000771f80000)
 ParOldGen       total 97792K, used 12826K [0x00000006c0000000, 0x00000006c5f80000, 0x000000076ab00000)
  object space 97792K, 13% used [0x00000006c0000000,0x00000006c0c86a40,0x00000006c5f80000)
 Metaspace       used 34710K, capacity 35348K, committed 35456K, reserved 1081344K
  class space    used 4250K, capacity 4436K, committed 4480K, reserved 1048576K
}
Event: 5.249 GC heap before
{Heap before GC invocations=6 (full 2):
 PSYoungGen      total 115712K, used 8208K [0x000000076ab00000, 0x0000000772a00000, 0x00000007c0000000)
  eden space 107008K, 0% used [0x000000076ab00000,0x000000076ab00000,0x0000000771380000)
  from space 8704K, 94% used [0x0000000772180000,0x0000000772984348,0x0000000772a00000)
  to   space 10752K, 0% used [0x0000000771500000,0x0000000771500000,0x0000000771f80000)
 ParOldGen       total 97792K, used 12826K [0x00000006c0000000, 0x00000006c5f80000, 0x000000076ab00000)
  object space 97792K, 13% used [0x00000006c0000000,0x00000006c0c86a40,0x00000006c5f80000)
 Metaspace       used 34710K, capacity 35348K, committed 35456K, reserved 1081344K
  class space    used 4250K, capacity 4436K, committed 4480K, reserved 1048576K
Event: 5.298 GC heap after
Heap after GC invocations=6 (full 2):
 PSYoungGen      total 115712K, used 0K [0x000000076ab00000, 0x0000000772a00000, 0x00000007c0000000)
  eden space 107008K, 0% used [0x000000076ab00000,0x000000076ab00000,0x0000000771380000)
  from space 8704K, 0% used [0x0000000772180000,0x0000000772180000,0x0000000772a00000)
  to   space 10752K, 0% used [0x0000000771500000,0x0000000771500000,0x0000000771f80000)
 ParOldGen       total 144384K, used 18744K [0x00000006c0000000, 0x00000006c8d00000, 0x000000076ab00000)
  object space 144384K, 12% used [0x00000006c0000000,0x00000006c124e1f8,0x00000006c8d00000)
 Metaspace       used 34710K, capacity 35348K, committed 35456K, reserved 1081344K
  class space    used 4250K, capacity 4436K, committed 4480K, reserved 1048576K
}

